{
  "stats": {
    "suites": 0,
    "tests": 0,
    "passes": 0,
    "pending": 0,
    "failures": 16,
    "start": "2022-03-17T19:05:01.610Z",
    "end": "2022-03-17T19:05:01.979Z",
    "duration": 369,
    "testsRegistered": 0,
    "passPercent": null,
    "pendingPercent": null,
    "other": 1,
    "hasOther": true,
    "skipped": 0,
    "hasSkipped": false
  },
  "results": [
    false
  ],
  "meta": {
    "mocha": {
      "version": "8.4.0"
    },
    "mochawesome": {
      "options": {
        "quiet": false,
        "reportFilename": "test-unit-report",
        "saveHtml": true,
        "saveJson": true,
        "consoleReporter": "spec",
        "useInlineDiffs": false,
        "code": true
      },
      "version": "6.2.2"
    },
    "marge": {
      "options": {
        "reportFilename": "test-unit-report"
      },
      "version": "5.2.0"
    }
  }
}